<?xml version="1.0" encoding="UTF-8"?>
<!-- Generated by org.testng.reporters.JUnitReportReporter -->
<testsuite skipped="0" hostname="LAPTOP-5UNU8FA4" name="MavenPackage.GoogleTestBrowserTest" tests="1" failures="0" timestamp="2019-10-24T00:15:07 IST" time="0.001" errors="0">
  <testcase name="GoogleTestBrowser_1" time="0.001" classname="MavenPackage.GoogleTestBrowserTest"/>
</testsuite> <!-- MavenPackage.GoogleTestBrowserTest -->
