<?xml version="1.0" encoding="UTF-8"?>
<!-- Generated by org.testng.reporters.JUnitReportReporter -->
<testsuite skipped="0" hostname="LAPTOP-5UNU8FA4" name="MavenPackage.FireFoxTestBrowserTest" tests="2" failures="0" timestamp="2019-10-24T00:15:07 IST" time="0.011" errors="0">
  <testcase name="FireFoxTestBrowser_1" time="0.010" classname="MavenPackage.FireFoxTestBrowserTest"/>
  <testcase name="FireFoxTestBrowser_2" time="0.001" classname="MavenPackage.FireFoxTestBrowserTest"/>
</testsuite> <!-- MavenPackage.FireFoxTestBrowserTest -->
