<?xml version="1.0" encoding="UTF-8"?>
<!-- Generated by org.testng.reporters.JUnitReportReporter -->
<testsuite skipped="0" hostname="LAPTOP-5UNU8FA4" name="MavenPackage.IETestBrowserTest" tests="2" failures="0" timestamp="2019-10-25T09:18:21 IST" time="0.000" errors="0">
  <testcase name="IETestBrowser_1" time="0.000" classname="MavenPackage.IETestBrowserTest"/>
  <testcase name="IETestBrowser_2" time="0.000" classname="MavenPackage.IETestBrowserTest"/>
</testsuite> <!-- MavenPackage.IETestBrowserTest -->
